#
# A fatal error has been detected by the Java Runtime Environment:
#
#  Internal Error (./open/src/hotspot/share/interpreter/oopMapCache.cpp:111), pid=33784, tid=21964
#  Error: ShouldNotReachHere()
#
# JRE version: OpenJDK Runtime Environment (15.0.2+7) (build 15.0.2+7-27)
# Java VM: OpenJDK 64-Bit Server VM (15.0.2+7-27, mixed mode, tiered, compressed oops, g1 gc, windows-amd64)
# No core dump will be written. Minidumps are not enabled by default on client versions of Windows
#
# If you would like to submit a bug report, please visit:
#   https://bugreport.java.com/bugreport/crash.jsp
#

---------------  S U M M A R Y ------------

Command Line: -XX:+ShowCodeDetailsInExceptionMessages -agentlib:jdwp=transport=dt_socket,suspend=y,address=localhost:65047 -javaagent:C:\Users\60026865.ICU_DOMAIN\Downloads\eclipse-java-2021-03-R-win32-x86_64\eclipse\configuration\org.eclipse.osgi\222\0\.cp\lib\javaagent-shaded.jar -Dfile.encoding=Cp1252 seleniumBasics.GoibiboBookTicket

Host: Intel(R) Core(TM) i7-8850H CPU @ 2.60GHz, 12 cores, 31G,  Windows 10 , 64 bit Build 17763 (10.0.17763.1879)
Time: Mon Jun  7 19:13:27 2021 India Standard Time elapsed time: 854.537838 seconds (0d 0h 14m 14s)

---------------  T H R E A D  ---------------

Current thread (0x000001e21a94e900):  JavaThread "JDWP Transport Listener: dt_socket" daemon [_thread_in_vm, id=21964, stack(0x000000c04f400000,0x000000c04f500000)] _threads_hazard_ptr=0x000001e21b9d7680

Stack: [0x000000c04f400000,0x000000c04f500000]
Native frames: (J=compiled Java code, j=interpreted, Vv=VM code, C=native code)
V  [jvm.dll+0x62ae9a]
V  [jvm.dll+0x7817a9]
V  [jvm.dll+0x782f03]
V  [jvm.dll+0x783517]
V  [jvm.dll+0x21628c]
V  [jvm.dll+0x2161d3]
V  [jvm.dll+0x619eea]
V  [jvm.dll+0x619ba3]
V  [jvm.dll+0x5df278]
V  [jvm.dll+0x77876f]
V  [jvm.dll+0x4f02e1]
V  [jvm.dll+0x7882b5]
V  [jvm.dll+0x4d40ea]
V  [jvm.dll+0x49526b]
C  [jdwp.dll+0x7f79]


---------------  P R O C E S S  ---------------

Threads class SMR info:
_java_thread_list=0x000001e21b9d7680, length=19, elements={
0x000001e2711704a0, 0x000001e21a4cf530, 0x000001e21a4d3400, 0x000001e21a4f3010,
0x000001e21a4f58e0, 0x000001e21a4f6670, 0x000001e21a4f7730, 0x000001e21a524eb0,
0x000001e21a533bc0, 0x000001e21a5cb020, 0x000001e21a94e900, 0x000001e21a9af9c0,
0x000001e21a8fb730, 0x000001e21aa6b000, 0x000001e21b887360, 0x000001e21b851cd0,
0x000001e21b8521a0, 0x000001e21b82fc20, 0x000001e21b05b170
}

Java Threads: ( => current thread )
  0x000001e2711704a0 JavaThread "main" [_thread_blocked, id=31060, stack(0x000000c04e400000,0x000000c04e500000)]
  0x000001e21a4cf530 JavaThread "Reference Handler" daemon [_thread_blocked, id=29904, stack(0x000000c04eb00000,0x000000c04ec00000)]
  0x000001e21a4d3400 JavaThread "Finalizer" daemon [_thread_blocked, id=21056, stack(0x000000c04ec00000,0x000000c04ed00000)]
  0x000001e21a4f3010 JavaThread "Signal Dispatcher" daemon [_thread_blocked, id=27740, stack(0x000000c04ed00000,0x000000c04ee00000)]
  0x000001e21a4f58e0 JavaThread "Attach Listener" daemon [_thread_blocked, id=34336, stack(0x000000c04ee00000,0x000000c04ef00000)]
  0x000001e21a4f6670 JavaThread "Service Thread" daemon [_thread_blocked, id=8884, stack(0x000000c04ef00000,0x000000c04f000000)]
  0x000001e21a4f7730 JavaThread "C2 CompilerThread0" daemon [_thread_blocked, id=14996, stack(0x000000c04f000000,0x000000c04f100000)]
  0x000001e21a524eb0 JavaThread "C1 CompilerThread0" daemon [_thread_blocked, id=26932, stack(0x000000c04f100000,0x000000c04f200000)]
  0x000001e21a533bc0 JavaThread "Sweeper thread" daemon [_thread_blocked, id=26960, stack(0x000000c04f200000,0x000000c04f300000)]
  0x000001e21a5cb020 JavaThread "Common-Cleaner" daemon [_thread_blocked, id=22520, stack(0x000000c04f300000,0x000000c04f400000)]
=>0x000001e21a94e900 JavaThread "JDWP Transport Listener: dt_socket" daemon [_thread_in_vm, id=21964, stack(0x000000c04f400000,0x000000c04f500000)] _threads_hazard_ptr=0x000001e21b9d7680
  0x000001e21a9af9c0 JavaThread "JDWP Event Helper Thread" daemon [_thread_blocked, id=34564, stack(0x000000c04f500000,0x000000c04f600000)]
  0x000001e21a8fb730 JavaThread "JDWP Command Reader" daemon [_thread_in_native, id=22292, stack(0x000000c04f600000,0x000000c04f700000)]
  0x000001e21aa6b000 JavaThread "Notification Thread" daemon [_thread_blocked, id=9740, stack(0x000000c04f800000,0x000000c04f900000)]
  0x000001e21b887360 JavaThread "Exec Default Executor" daemon [_thread_in_native, id=30844, stack(0x000000c050400000,0x000000c050500000)]
  0x000001e21b851cd0 JavaThread "Exec Stream Pumper" daemon [_thread_in_native, id=17152, stack(0x000000c050600000,0x000000c050700000)]
  0x000001e21b8521a0 JavaThread "Exec Stream Pumper" daemon [_thread_in_native, id=32624, stack(0x000000c050800000,0x000000c050900000)]
  0x000001e21b82fc20 JavaThread "Okio Watchdog" daemon [_thread_blocked, id=25088, stack(0x000000c050a00000,0x000000c050b00000)]
  0x000001e21b05b170 JavaThread "OkHttp ConnectionPool" daemon [_thread_blocked, id=34400, stack(0x000000c04f700000,0x000000c04f800000)]

Other Threads:
  0x000001e21a498050 VMThread "VM Thread" [stack: 0x000000c04ea00000,0x000000c04eb00000] [id=3944]
  0x000001e21aa00c10 WatcherThread [stack: 0x000000c04f900000,0x000000c04fa00000] [id=20936]
  0x000001e2711e41f0 GCTaskThread "GC Thread#0" [stack: 0x000000c04e500000,0x000000c04e600000] [id=5436]
  0x000001e21a76ab80 GCTaskThread "GC Thread#1" [stack: 0x000000c04fa00000,0x000000c04fb00000] [id=31564]
  0x000001e21a769530 GCTaskThread "GC Thread#2" [stack: 0x000000c04fb00000,0x000000c04fc00000] [id=32524]
  0x000001e21a769b90 GCTaskThread "GC Thread#3" [stack: 0x000000c04fc00000,0x000000c04fd00000] [id=31900]
  0x000001e21a769ec0 GCTaskThread "GC Thread#4" [stack: 0x000000c04fd00000,0x000000c04fe00000] [id=24132]
  0x000001e21a76a1f0 GCTaskThread "GC Thread#5" [stack: 0x000000c04fe00000,0x000000c04ff00000] [id=27372]
  0x000001e21a76a520 GCTaskThread "GC Thread#6" [stack: 0x000000c04ff00000,0x000000c050000000] [id=31600]
  0x000001e21a76bb70 GCTaskThread "GC Thread#7" [stack: 0x000000c050000000,0x000000c050100000] [id=26840]
  0x000001e21a76bea0 GCTaskThread "GC Thread#8" [stack: 0x000000c050100000,0x000000c050200000] [id=32]
  0x000001e21a76aeb0 GCTaskThread "GC Thread#9" [stack: 0x000000c050200000,0x000000c050300000] [id=20304]
  0x000001e2711f6170 ConcurrentGCThread "G1 Main Marker" [stack: 0x000000c04e600000,0x000000c04e700000] [id=30608]
  0x000001e2711f7c00 ConcurrentGCThread "G1 Conc#0" [stack: 0x000000c04e700000,0x000000c04e800000] [id=34408]
  0x000001e27121e1d0 ConcurrentGCThread "G1 Refine#0" [stack: 0x000000c04e800000,0x000000c04e900000] [id=6172]
  0x000001e219237490 ConcurrentGCThread "G1 Young RemSet Sampling" [stack: 0x000000c04e900000,0x000000c04ea00000] [id=20640]

Threads with active compile tasks:

VM state: not at safepoint (normal execution)

VM Mutex/Monitor currently owned by a thread: None

Heap address: 0x0000000603000000, size: 8144 MB, Compressed Oops mode: Zero based, Oop shift amount: 3
CDS disabled.
Compressed class space mapped at: 0x0000000800000000-0x0000000840000000, size: 1073741824
Narrow klass base: 0x0000000800000000, Narrow klass shift: 0, Narrow klass range: 0x40000000

GC Precious Log:
 CPUs: 12 total, 12 available
 Memory: 32574M
 Large Page Support: Disabled
 NUMA Support: Disabled
 Compressed Oops: Enabled (Zero based)
 Heap Region Size: 4M
 Heap Min Capacity: 8M
 Heap Initial Capacity: 512M
 Heap Max Capacity: 8144M
 Pre-touch: Disabled
 Parallel Workers: 10
 Concurrent Workers: 3
 Concurrent Refinement Workers: 10
 Periodic GC: Disabled

Heap:
 garbage-first heap   total 524288K, used 37551K [0x0000000603000000, 0x0000000800000000)
  region size 4096K, 10 young (40960K), 1 survivors (4096K)
 Metaspace       used 20284K, capacity 20513K, committed 20608K, reserved 1067008K
  class space    used 2011K, capacity 2095K, committed 2176K, reserved 1048576K

Heap Regions: E=young(eden), S=young(survivor), O=old, HS=humongous(starts), HC=humongous(continues), CS=collection set, F=free, OA=open archive, CA=closed archive, TAMS=top-at-mark-start (previous, next)
|   0|0x0000000603000000, 0x0000000603395c00, 0x0000000603400000| 89%| O|  |TAMS 0x0000000603000000, 0x0000000603000000| Untracked 
|   1|0x0000000603400000, 0x0000000603400000, 0x0000000603800000|  0%| F|  |TAMS 0x0000000603400000, 0x0000000603400000| Untracked 
|   2|0x0000000603800000, 0x0000000603800000, 0x0000000603c00000|  0%| F|  |TAMS 0x0000000603800000, 0x0000000603800000| Untracked 
|   3|0x0000000603c00000, 0x0000000603c00000, 0x0000000604000000|  0%| F|  |TAMS 0x0000000603c00000, 0x0000000603c00000| Untracked 
|   4|0x0000000604000000, 0x0000000604000000, 0x0000000604400000|  0%| F|  |TAMS 0x0000000604000000, 0x0000000604000000| Untracked 
|   5|0x0000000604400000, 0x0000000604400000, 0x0000000604800000|  0%| F|  |TAMS 0x0000000604400000, 0x0000000604400000| Untracked 
|   6|0x0000000604800000, 0x0000000604800000, 0x0000000604c00000|  0%| F|  |TAMS 0x0000000604800000, 0x0000000604800000| Untracked 
|   7|0x0000000604c00000, 0x0000000604c00000, 0x0000000605000000|  0%| F|  |TAMS 0x0000000604c00000, 0x0000000604c00000| Untracked 
|   8|0x0000000605000000, 0x0000000605000000, 0x0000000605400000|  0%| F|  |TAMS 0x0000000605000000, 0x0000000605000000| Untracked 
|   9|0x0000000605400000, 0x0000000605400000, 0x0000000605800000|  0%| F|  |TAMS 0x0000000605400000, 0x0000000605400000| Untracked 
|  10|0x0000000605800000, 0x0000000605800000, 0x0000000605c00000|  0%| F|  |TAMS 0x0000000605800000, 0x0000000605800000| Untracked 
|  11|0x0000000605c00000, 0x0000000605c00000, 0x0000000606000000|  0%| F|  |TAMS 0x0000000605c00000, 0x0000000605c00000| Untracked 
|  12|0x0000000606000000, 0x0000000606000000, 0x0000000606400000|  0%| F|  |TAMS 0x0000000606000000, 0x0000000606000000| Untracked 
|  13|0x0000000606400000, 0x0000000606400000, 0x0000000606800000|  0%| F|  |TAMS 0x0000000606400000, 0x0000000606400000| Untracked 
|  14|0x0000000606800000, 0x0000000606800000, 0x0000000606c00000|  0%| F|  |TAMS 0x0000000606800000, 0x0000000606800000| Untracked 
|  15|0x0000000606c00000, 0x0000000606c00000, 0x0000000607000000|  0%| F|  |TAMS 0x0000000606c00000, 0x0000000606c00000| Untracked 
|  16|0x0000000607000000, 0x0000000607000000, 0x0000000607400000|  0%| F|  |TAMS 0x0000000607000000, 0x0000000607000000| Untracked 
|  17|0x0000000607400000, 0x0000000607400000, 0x0000000607800000|  0%| F|  |TAMS 0x0000000607400000, 0x0000000607400000| Untracked 
|  18|0x0000000607800000, 0x0000000607800000, 0x0000000607c00000|  0%| F|  |TAMS 0x0000000607800000, 0x0000000607800000| Untracked 
|  19|0x0000000607c00000, 0x0000000607c00000, 0x0000000608000000|  0%| F|  |TAMS 0x0000000607c00000, 0x0000000607c00000| Untracked 
|  20|0x0000000608000000, 0x0000000608000000, 0x0000000608400000|  0%| F|  |TAMS 0x0000000608000000, 0x0000000608000000| Untracked 
|  21|0x0000000608400000, 0x0000000608400000, 0x0000000608800000|  0%| F|  |TAMS 0x0000000608400000, 0x0000000608400000| Untracked 
|  22|0x0000000608800000, 0x0000000608800000, 0x0000000608c00000|  0%| F|  |TAMS 0x0000000608800000, 0x0000000608800000| Untracked 
|  23|0x0000000608c00000, 0x0000000608c00000, 0x0000000609000000|  0%| F|  |TAMS 0x0000000608c00000, 0x0000000608c00000| Untracked 
|  24|0x0000000609000000, 0x0000000609000000, 0x0000000609400000|  0%| F|  |TAMS 0x0000000609000000, 0x0000000609000000| Untracked 
|  25|0x0000000609400000, 0x0000000609400000, 0x0000000609800000|  0%| F|  |TAMS 0x0000000609400000, 0x0000000609400000| Untracked 
|  26|0x0000000609800000, 0x0000000609800000, 0x0000000609c00000|  0%| F|  |TAMS 0x0000000609800000, 0x0000000609800000| Untracked 
|  27|0x0000000609c00000, 0x0000000609c00000, 0x000000060a000000|  0%| F|  |TAMS 0x0000000609c00000, 0x0000000609c00000| Untracked 
|  28|0x000000060a000000, 0x000000060a000000, 0x000000060a400000|  0%| F|  |TAMS 0x000000060a000000, 0x000000060a000000| Untracked 
|  29|0x000000060a400000, 0x000000060a400000, 0x000000060a800000|  0%| F|  |TAMS 0x000000060a400000, 0x000000060a400000| Untracked 
|  30|0x000000060a800000, 0x000000060a800000, 0x000000060ac00000|  0%| F|  |TAMS 0x000000060a800000, 0x000000060a800000| Untracked 
|  31|0x000000060ac00000, 0x000000060ac00000, 0x000000060b000000|  0%| F|  |TAMS 0x000000060ac00000, 0x000000060ac00000| Untracked 
|  32|0x000000060b000000, 0x000000060b000000, 0x000000060b400000|  0%| F|  |TAMS 0x000000060b000000, 0x000000060b000000| Untracked 
|  33|0x000000060b400000, 0x000000060b400000, 0x000000060b800000|  0%| F|  |TAMS 0x000000060b400000, 0x000000060b400000| Untracked 
|  34|0x000000060b800000, 0x000000060b800000, 0x000000060bc00000|  0%| F|  |TAMS 0x000000060b800000, 0x000000060b800000| Untracked 
|  35|0x000000060bc00000, 0x000000060bc00000, 0x000000060c000000|  0%| F|  |TAMS 0x000000060bc00000, 0x000000060bc00000| Untracked 
|  36|0x000000060c000000, 0x000000060c000000, 0x000000060c400000|  0%| F|  |TAMS 0x000000060c000000, 0x000000060c000000| Untracked 
|  37|0x000000060c400000, 0x000000060c400000, 0x000000060c800000|  0%| F|  |TAMS 0x000000060c400000, 0x000000060c400000| Untracked 
|  38|0x000000060c800000, 0x000000060c800000, 0x000000060cc00000|  0%| F|  |TAMS 0x000000060c800000, 0x000000060c800000| Untracked 
|  39|0x000000060cc00000, 0x000000060cc00000, 0x000000060d000000|  0%| F|  |TAMS 0x000000060cc00000, 0x000000060cc00000| Untracked 
|  40|0x000000060d000000, 0x000000060d000000, 0x000000060d400000|  0%| F|  |TAMS 0x000000060d000000, 0x000000060d000000| Untracked 
|  41|0x000000060d400000, 0x000000060d400000, 0x000000060d800000|  0%| F|  |TAMS 0x000000060d400000, 0x000000060d400000| Untracked 
|  42|0x000000060d800000, 0x000000060d800000, 0x000000060dc00000|  0%| F|  |TAMS 0x000000060d800000, 0x000000060d800000| Untracked 
|  43|0x000000060dc00000, 0x000000060dc00000, 0x000000060e000000|  0%| F|  |TAMS 0x000000060dc00000, 0x000000060dc00000| Untracked 
|  44|0x000000060e000000, 0x000000060e000000, 0x000000060e400000|  0%| F|  |TAMS 0x000000060e000000, 0x000000060e000000| Untracked 
|  45|0x000000060e400000, 0x000000060e400000, 0x000000060e800000|  0%| F|  |TAMS 0x000000060e400000, 0x000000060e400000| Untracked 
|  46|0x000000060e800000, 0x000000060e800000, 0x000000060ec00000|  0%| F|  |TAMS 0x000000060e800000, 0x000000060e800000| Untracked 
|  47|0x000000060ec00000, 0x000000060ec00000, 0x000000060f000000|  0%| F|  |TAMS 0x000000060ec00000, 0x000000060ec00000| Untracked 
|  48|0x000000060f000000, 0x000000060f000000, 0x000000060f400000|  0%| F|  |TAMS 0x000000060f000000, 0x000000060f000000| Untracked 
|  49|0x000000060f400000, 0x000000060f400000, 0x000000060f800000|  0%| F|  |TAMS 0x000000060f400000, 0x000000060f400000| Untracked 
|  50|0x000000060f800000, 0x000000060f800000, 0x000000060fc00000|  0%| F|  |TAMS 0x000000060f800000, 0x000000060f800000| Untracked 
|  51|0x000000060fc00000, 0x000000060fc00000, 0x0000000610000000|  0%| F|  |TAMS 0x000000060fc00000, 0x000000060fc00000| Untracked 
|  52|0x0000000610000000, 0x0000000610000000, 0x0000000610400000|  0%| F|  |TAMS 0x0000000610000000, 0x0000000610000000| Untracked 
|  53|0x0000000610400000, 0x0000000610400000, 0x0000000610800000|  0%| F|  |TAMS 0x0000000610400000, 0x0000000610400000| Untracked 
|  54|0x0000000610800000, 0x0000000610800000, 0x0000000610c00000|  0%| F|  |TAMS 0x0000000610800000, 0x0000000610800000| Untracked 
|  55|0x0000000610c00000, 0x0000000610c00000, 0x0000000611000000|  0%| F|  |TAMS 0x0000000610c00000, 0x0000000610c00000| Untracked 
|  56|0x0000000611000000, 0x0000000611000000, 0x0000000611400000|  0%| F|  |TAMS 0x0000000611000000, 0x0000000611000000| Untracked 
|  57|0x0000000611400000, 0x0000000611400000, 0x0000000611800000|  0%| F|  |TAMS 0x0000000611400000, 0x0000000611400000| Untracked 
|  58|0x0000000611800000, 0x0000000611800000, 0x0000000611c00000|  0%| F|  |TAMS 0x0000000611800000, 0x0000000611800000| Untracked 
|  59|0x0000000611c00000, 0x0000000611c00000, 0x0000000612000000|  0%| F|  |TAMS 0x0000000611c00000, 0x0000000611c00000| Untracked 
|  60|0x0000000612000000, 0x0000000612000000, 0x0000000612400000|  0%| F|  |TAMS 0x0000000612000000, 0x0000000612000000| Untracked 
|  61|0x0000000612400000, 0x0000000612400000, 0x0000000612800000|  0%| F|  |TAMS 0x0000000612400000, 0x0000000612400000| Untracked 
|  62|0x0000000612800000, 0x0000000612800000, 0x0000000612c00000|  0%| F|  |TAMS 0x0000000612800000, 0x0000000612800000| Untracked 
|  63|0x0000000612c00000, 0x0000000612c00000, 0x0000000613000000|  0%| F|  |TAMS 0x0000000612c00000, 0x0000000612c00000| Untracked 
|  64|0x0000000613000000, 0x0000000613000000, 0x0000000613400000|  0%| F|  |TAMS 0x0000000613000000, 0x0000000613000000| Untracked 
|  65|0x0000000613400000, 0x0000000613400000, 0x0000000613800000|  0%| F|  |TAMS 0x0000000613400000, 0x0000000613400000| Untracked 
|  66|0x0000000613800000, 0x0000000613800000, 0x0000000613c00000|  0%| F|  |TAMS 0x0000000613800000, 0x0000000613800000| Untracked 
|  67|0x0000000613c00000, 0x0000000613c00000, 0x0000000614000000|  0%| F|  |TAMS 0x0000000613c00000, 0x0000000613c00000| Untracked 
|  68|0x0000000614000000, 0x0000000614000000, 0x0000000614400000|  0%| F|  |TAMS 0x0000000614000000, 0x0000000614000000| Untracked 
|  69|0x0000000614400000, 0x0000000614400000, 0x0000000614800000|  0%| F|  |TAMS 0x0000000614400000, 0x0000000614400000| Untracked 
|  70|0x0000000614800000, 0x0000000614800000, 0x0000000614c00000|  0%| F|  |TAMS 0x0000000614800000, 0x0000000614800000| Untracked 
|  71|0x0000000614c00000, 0x0000000614c00000, 0x0000000615000000|  0%| F|  |TAMS 0x0000000614c00000, 0x0000000614c00000| Untracked 
|  72|0x0000000615000000, 0x0000000615000000, 0x0000000615400000|  0%| F|  |TAMS 0x0000000615000000, 0x0000000615000000| Untracked 
|  73|0x0000000615400000, 0x0000000615400000, 0x0000000615800000|  0%| F|  |TAMS 0x0000000615400000, 0x0000000615400000| Untracked 
|  74|0x0000000615800000, 0x0000000615800000, 0x0000000615c00000|  0%| F|  |TAMS 0x0000000615800000, 0x0000000615800000| Untracked 
|  75|0x0000000615c00000, 0x0000000615c00000, 0x0000000616000000|  0%| F|  |TAMS 0x0000000615c00000, 0x0000000615c00000| Untracked 
|  76|0x0000000616000000, 0x0000000616000000, 0x0000000616400000|  0%| F|  |TAMS 0x0000000616000000, 0x0000000616000000| Untracked 
|  77|0x0000000616400000, 0x0000000616400000, 0x0000000616800000|  0%| F|  |TAMS 0x0000000616400000, 0x0000000616400000| Untracked 
|  78|0x0000000616800000, 0x0000000616800000, 0x0000000616c00000|  0%| F|  |TAMS 0x0000000616800000, 0x0000000616800000| Untracked 
|  79|0x0000000616c00000, 0x0000000616c00000, 0x0000000617000000|  0%| F|  |TAMS 0x0000000616c00000, 0x0000000616c00000| Untracked 
|  80|0x0000000617000000, 0x0000000617000000, 0x0000000617400000|  0%| F|  |TAMS 0x0000000617000000, 0x0000000617000000| Untracked 
|  81|0x0000000617400000, 0x0000000617400000, 0x0000000617800000|  0%| F|  |TAMS 0x0000000617400000, 0x0000000617400000| Untracked 
|  82|0x0000000617800000, 0x0000000617800000, 0x0000000617c00000|  0%| F|  |TAMS 0x0000000617800000, 0x0000000617800000| Untracked 
|  83|0x0000000617c00000, 0x0000000617c00000, 0x0000000618000000|  0%| F|  |TAMS 0x0000000617c00000, 0x0000000617c00000| Untracked 
|  84|0x0000000618000000, 0x0000000618000000, 0x0000000618400000|  0%| F|  |TAMS 0x0000000618000000, 0x0000000618000000| Untracked 
|  85|0x0000000618400000, 0x0000000618400000, 0x0000000618800000|  0%| F|  |TAMS 0x0000000618400000, 0x0000000618400000| Untracked 
|  86|0x0000000618800000, 0x0000000618800000, 0x0000000618c00000|  0%| F|  |TAMS 0x0000000618800000, 0x0000000618800000| Untracked 
|  87|0x0000000618c00000, 0x0000000618c00000, 0x0000000619000000|  0%| F|  |TAMS 0x0000000618c00000, 0x0000000618c00000| Untracked 
|  88|0x0000000619000000, 0x0000000619000000, 0x0000000619400000|  0%| F|  |TAMS 0x0000000619000000, 0x0000000619000000| Untracked 
|  89|0x0000000619400000, 0x0000000619400000, 0x0000000619800000|  0%| F|  |TAMS 0x0000000619400000, 0x0000000619400000| Untracked 
|  90|0x0000000619800000, 0x0000000619800000, 0x0000000619c00000|  0%| F|  |TAMS 0x0000000619800000, 0x0000000619800000| Untracked 
|  91|0x0000000619c00000, 0x0000000619c00000, 0x000000061a000000|  0%| F|  |TAMS 0x0000000619c00000, 0x0000000619c00000| Untracked 
|  92|0x000000061a000000, 0x000000061a000000, 0x000000061a400000|  0%| F|  |TAMS 0x000000061a000000, 0x000000061a000000| Untracked 
|  93|0x000000061a400000, 0x000000061a400000, 0x000000061a800000|  0%| F|  |TAMS 0x000000061a400000, 0x000000061a400000| Untracked 
|  94|0x000000061a800000, 0x000000061a800000, 0x000000061ac00000|  0%| F|  |TAMS 0x000000061a800000, 0x000000061a800000| Untracked 
|  95|0x000000061ac00000, 0x000000061ac00000, 0x000000061b000000|  0%| F|  |TAMS 0x000000061ac00000, 0x000000061ac00000| Untracked 
|  96|0x000000061b000000, 0x000000061b000000, 0x000000061b400000|  0%| F|  |TAMS 0x000000061b000000, 0x000000061b000000| Untracked 
|  97|0x000000061b400000, 0x000000061b400000, 0x000000061b800000|  0%| F|  |TAMS 0x000000061b400000, 0x000000061b400000| Untracked 
|  98|0x000000061b800000, 0x000000061b800000, 0x000000061bc00000|  0%| F|  |TAMS 0x000000061b800000, 0x000000061b800000| Untracked 
|  99|0x000000061bc00000, 0x000000061bc00000, 0x000000061c000000|  0%| F|  |TAMS 0x000000061bc00000, 0x000000061bc00000| Untracked 
| 100|0x000000061c000000, 0x000000061c000000, 0x000000061c400000|  0%| F|  |TAMS 0x000000061c000000, 0x000000061c000000| Untracked 
| 101|0x000000061c400000, 0x000000061c400000, 0x000000061c800000|  0%| F|  |TAMS 0x000000061c400000, 0x000000061c400000| Untracked 
| 102|0x000000061c800000, 0x000000061c800000, 0x000000061cc00000|  0%| F|  |TAMS 0x000000061c800000, 0x000000061c800000| Untracked 
| 103|0x000000061cc00000, 0x000000061cc00000, 0x000000061d000000|  0%| F|  |TAMS 0x000000061cc00000, 0x000000061cc00000| Untracked 
| 104|0x000000061d000000, 0x000000061d000000, 0x000000061d400000|  0%| F|  |TAMS 0x000000061d000000, 0x000000061d000000| Untracked 
| 105|0x000000061d400000, 0x000000061d400000, 0x000000061d800000|  0%| F|  |TAMS 0x000000061d400000, 0x000000061d400000| Untracked 
| 106|0x000000061d800000, 0x000000061d800000, 0x000000061dc00000|  0%| F|  |TAMS 0x000000061d800000, 0x000000061d800000| Untracked 
| 107|0x000000061dc00000, 0x000000061dc00000, 0x000000061e000000|  0%| F|  |TAMS 0x000000061dc00000, 0x000000061dc00000| Untracked 
| 108|0x000000061e000000, 0x000000061e000000, 0x000000061e400000|  0%| F|  |TAMS 0x000000061e000000, 0x000000061e000000| Untracked 
| 109|0x000000061e400000, 0x000000061e400000, 0x000000061e800000|  0%| F|  |TAMS 0x000000061e400000, 0x000000061e400000| Untracked 
| 110|0x000000061e800000, 0x000000061e800000, 0x000000061ec00000|  0%| F|  |TAMS 0x000000061e800000, 0x000000061e800000| Untracked 
| 111|0x000000061ec00000, 0x000000061ec00000, 0x000000061f000000|  0%| F|  |TAMS 0x000000061ec00000, 0x000000061ec00000| Untracked 
| 112|0x000000061f000000, 0x000000061f000000, 0x000000061f400000|  0%| F|  |TAMS 0x000000061f000000, 0x000000061f000000| Untracked 
| 113|0x000000061f400000, 0x000000061f400000, 0x000000061f800000|  0%| F|  |TAMS 0x000000061f400000, 0x000000061f400000| Untracked 
| 114|0x000000061f800000, 0x000000061f800000, 0x000000061fc00000|  0%| F|  |TAMS 0x000000061f800000, 0x000000061f800000| Untracked 
| 115|0x000000061fc00000, 0x000000061fc00000, 0x0000000620000000|  0%| F|  |TAMS 0x000000061fc00000, 0x000000061fc00000| Untracked 
| 116|0x0000000620000000, 0x0000000620000000, 0x0000000620400000|  0%| F|  |TAMS 0x0000000620000000, 0x0000000620000000| Untracked 
| 117|0x0000000620400000, 0x0000000620400000, 0x0000000620800000|  0%| F|  |TAMS 0x0000000620400000, 0x0000000620400000| Untracked 
| 118|0x0000000620800000, 0x0000000620a032d0, 0x0000000620c00000| 50%| E|  |TAMS 0x0000000620800000, 0x0000000620800000| Complete 
| 119|0x0000000620c00000, 0x0000000621000000, 0x0000000621000000|100%| E|CS|TAMS 0x0000000620c00000, 0x0000000620c00000| Complete 
| 120|0x0000000621000000, 0x0000000621116010, 0x0000000621400000| 27%| S|CS|TAMS 0x0000000621000000, 0x0000000621000000| Complete 
| 121|0x0000000621400000, 0x0000000621800000, 0x0000000621800000|100%| E|CS|TAMS 0x0000000621400000, 0x0000000621400000| Complete 
| 122|0x0000000621800000, 0x0000000621c00000, 0x0000000621c00000|100%| E|CS|TAMS 0x0000000621800000, 0x0000000621800000| Complete 
| 123|0x0000000621c00000, 0x0000000622000000, 0x0000000622000000|100%| E|CS|TAMS 0x0000000621c00000, 0x0000000621c00000| Complete 
| 124|0x0000000622000000, 0x0000000622400000, 0x0000000622400000|100%| E|CS|TAMS 0x0000000622000000, 0x0000000622000000| Complete 
| 125|0x0000000622400000, 0x0000000622800000, 0x0000000622800000|100%| E|CS|TAMS 0x0000000622400000, 0x0000000622400000| Complete 
| 126|0x0000000622800000, 0x0000000622c00000, 0x0000000622c00000|100%| E|CS|TAMS 0x0000000622800000, 0x0000000622800000| Complete 
| 127|0x0000000622c00000, 0x0000000623000000, 0x0000000623000000|100%| E|CS|TAMS 0x0000000622c00000, 0x0000000622c00000| Complete 

Card table byte_map: [0x000001e2760a0000,0x000001e277090000] _byte_map_base: 0x000001e273088000

Marking Bits (Prev, Next): (CMBitMap*) 0x000001e2711e4970, (CMBitMap*) 0x000001e2711e49b0
 Prev Bits: [0x000001e278080000, 0x000001e27ffc0000)
 Next Bits: [0x000001e20f000000, 0x000001e216f40000)

Polling page: 0x000001e270920000

Metaspace:

Usage:
  Non-class:     17.99 MB capacity,    17.85 MB (>99%) used,   122.52 KB ( <1%) free+waste,    21.63 KB ( <1%) overhead. 
      Class:      2.05 MB capacity,     1.96 MB ( 96%) used,    76.52 KB (  4%) free+waste,     7.44 KB ( <1%) overhead. 
       Both:     20.03 MB capacity,    19.81 MB ( 99%) used,   199.05 KB ( <1%) free+waste,    29.06 KB ( <1%) overhead. 

Virtual space:
  Non-class space:       18.00 MB reserved,      18.00 MB (100%) committed 
      Class space:        1.00 GB reserved,       2.13 MB ( <1%) committed 
             Both:        1.02 GB reserved,      20.13 MB (  2%) committed 

Chunk freelists:
   Non-Class:  14.00 KB
       Class:  17.00 KB
        Both:  31.00 KB

MaxMetaspaceSize: 17179869184.00 GB
CompressedClassSpaceSize: 1.00 GB

CodeHeap 'non-profiled nmethods': size=120000Kb used=880Kb max_used=880Kb free=119119Kb
 bounds [0x000001e207ad0000, 0x000001e207d40000, 0x000001e20f000000]
CodeHeap 'profiled nmethods': size=120000Kb used=4314Kb max_used=4314Kb free=115685Kb
 bounds [0x000001e2005a0000, 0x000001e2009e0000, 0x000001e207ad0000]
CodeHeap 'non-nmethods': size=5760Kb used=1302Kb max_used=1354Kb free=4457Kb
 bounds [0x000001e200000000, 0x000001e200270000, 0x000001e2005a0000]
 total_blobs=2723 nmethods=2244 adapters=391
 compilation: enabled
              stopped_count=0, restarted_count=0
 full_count=0

Compilation events (20 events):
Event: 22.528 Thread 0x000001e21a524eb0 2237   !   3       java.lang.String::replace (258 bytes)
Event: 22.530 Thread 0x000001e21a524eb0 nmethod 2237 0x000001e2009ce210 code [0x000001e2009ce6e0, 0x000001e2009d0aa8]
Event: 61.259 Thread 0x000001e21a524eb0 2239       3       java.util.concurrent.locks.ReentrantLock::lock (8 bytes)
Event: 61.259 Thread 0x000001e21a524eb0 nmethod 2239 0x000001e2009d1b10 code [0x000001e2009d1cc0, 0x000001e2009d1f78]
Event: 61.259 Thread 0x000001e21a524eb0 2240       3       java.util.concurrent.locks.ReentrantLock$Sync::lock (13 bytes)
Event: 61.259 Thread 0x000001e21a524eb0 nmethod 2240 0x000001e2009d2090 code [0x000001e2009d2240, 0x000001e2009d2478]
Event: 590.590 Thread 0x000001e21a524eb0 2241       3       java.util.ArrayDeque::iterator (9 bytes)
Event: 590.590 Thread 0x000001e21a524eb0 nmethod 2241 0x000001e2009d2510 code [0x000001e2009d26c0, 0x000001e2009d2af8]
Event: 590.590 Thread 0x000001e21a524eb0 2242       3       java.util.ArrayDeque$DeqIterator::<init> (34 bytes)
Event: 590.590 Thread 0x000001e21a524eb0 nmethod 2242 0x000001e2009d2c90 code [0x000001e2009d2e40, 0x000001e2009d31b8]
Event: 590.709 Thread 0x000001e21a524eb0 2243       3       okio.AsyncTimeout::awaitTimeout (107 bytes)
Event: 590.709 Thread 0x000001e21a524eb0 nmethod 2243 0x000001e2009d3310 code [0x000001e2009d3500, 0x000001e2009d39f8]
Event: 617.026 Thread 0x000001e21a524eb0 2244   !   3       okhttp3.ConnectionPool::cleanup (196 bytes)
Event: 617.027 Thread 0x000001e21a524eb0 nmethod 2244 0x000001e2009d3b90 code [0x000001e2009d3e00, 0x000001e2009d4ce8]
Event: 661.393 Thread 0x000001e21a524eb0 2245   !   3       java.lang.ref.ReferenceQueue::remove (125 bytes)
Event: 661.394 Thread 0x000001e21a524eb0 nmethod 2245 0x000001e2009d5390 code [0x000001e2009d55c0, 0x000001e2009d5dd8]
Event: 781.394 Thread 0x000001e21a524eb0 2246   !   3       jdk.internal.ref.PhantomCleanable::isListEmpty (34 bytes)
Event: 781.394 Thread 0x000001e21a524eb0 nmethod 2246 0x000001e2009d6190 code [0x000001e2009d6340, 0x000001e2009d6598]
Event: 781.394 Thread 0x000001e21a524eb0 2247       3       jdk.internal.misc.InnocuousThread::eraseThreadLocals (23 bytes)
Event: 781.394 Thread 0x000001e21a524eb0 nmethod 2247 0x000001e2009d6710 code [0x000001e2009d68a0, 0x000001e2009d6a98]

GC Heap History (4 events):
Event: 0.547 GC heap before
{Heap before GC invocations=0 (full 0):
 garbage-first heap   total 524288K, used 24576K [0x0000000603000000, 0x0000000800000000)
  region size 4096K, 6 young (24576K), 0 survivors (0K)
 Metaspace       used 13400K, capacity 13539K, committed 13696K, reserved 1060864K
  class space    used 1226K, capacity 1287K, committed 1408K, reserved 1048576K
}
Event: 0.551 GC heap after
{Heap after GC invocations=1 (full 0):
 garbage-first heap   total 524288K, used 3678K [0x0000000603000000, 0x0000000800000000)
  region size 4096K, 1 young (4096K), 1 survivors (4096K)
 Metaspace       used 13400K, capacity 13539K, committed 13696K, reserved 1060864K
  class space    used 1226K, capacity 1287K, committed 1408K, reserved 1048576K
}
Event: 1.385 GC heap before
{Heap before GC invocations=1 (full 0):
 garbage-first heap   total 524288K, used 28254K [0x0000000603000000, 0x0000000800000000)
  region size 4096K, 7 young (28672K), 1 survivors (4096K)
 Metaspace       used 17417K, capacity 17629K, committed 17792K, reserved 1064960K
  class space    used 1736K, capacity 1796K, committed 1920K, reserved 1048576K
}
Event: 1.388 GC heap after
{Heap after GC invocations=2 (full 0):
 garbage-first heap   total 524288K, used 4783K [0x0000000603000000, 0x0000000800000000)
  region size 4096K, 1 young (4096K), 1 survivors (4096K)
 Metaspace       used 17417K, capacity 17629K, committed 17792K, reserved 1064960K
  class space    used 1736K, capacity 1796K, committed 1920K, reserved 1048576K
}

Deoptimization events (20 events):
Event: 18.703 Thread 0x000001e2711704a0 DEOPT PACKING pc=0x000001e2009044c4 sp=0x000000c04e4fe550
Event: 18.703 Thread 0x000001e2711704a0 DEOPT UNPACKING pc=0x000001e20004e23f sp=0x000000c04e4fda60 mode 1
Event: 18.703 Thread 0x000001e2711704a0 DEOPT PACKING pc=0x000001e2009044c4 sp=0x000000c04e4fe4d0
Event: 18.703 Thread 0x000001e2711704a0 DEOPT UNPACKING pc=0x000001e20004e23f sp=0x000000c04e4fd9e0 mode 1
Event: 18.703 Thread 0x000001e2711704a0 DEOPT PACKING pc=0x000001e2009044c4 sp=0x000000c04e4fe550
Event: 18.703 Thread 0x000001e2711704a0 DEOPT UNPACKING pc=0x000001e20004e23f sp=0x000000c04e4fda60 mode 1
Event: 18.703 Thread 0x000001e2711704a0 DEOPT PACKING pc=0x000001e2009044c4 sp=0x000000c04e4fe4d0
Event: 18.703 Thread 0x000001e2711704a0 DEOPT UNPACKING pc=0x000001e20004e23f sp=0x000000c04e4fd9e0 mode 1
Event: 21.719 Thread 0x000001e2711704a0 DEOPT PACKING pc=0x000001e2009044c4 sp=0x000000c04e4fe9d0
Event: 21.719 Thread 0x000001e2711704a0 DEOPT UNPACKING pc=0x000001e20004e23f sp=0x000000c04e4fdee0 mode 1
Event: 21.719 Thread 0x000001e2711704a0 DEOPT PACKING pc=0x000001e2009044c4 sp=0x000000c04e4fe950
Event: 21.719 Thread 0x000001e2711704a0 DEOPT UNPACKING pc=0x000001e20004e23f sp=0x000000c04e4fde60 mode 1
Event: 21.719 Thread 0x000001e2711704a0 DEOPT PACKING pc=0x000001e2009044c4 sp=0x000000c04e4fe9d0
Event: 21.719 Thread 0x000001e2711704a0 DEOPT UNPACKING pc=0x000001e20004e23f sp=0x000000c04e4fdee0 mode 1
Event: 21.719 Thread 0x000001e2711704a0 DEOPT PACKING pc=0x000001e2009044c4 sp=0x000000c04e4fe950
Event: 21.719 Thread 0x000001e2711704a0 DEOPT UNPACKING pc=0x000001e20004e23f sp=0x000000c04e4fde60 mode 1
Event: 21.719 Thread 0x000001e2711704a0 DEOPT PACKING pc=0x000001e2009044c4 sp=0x000000c04e4fe9d0
Event: 21.719 Thread 0x000001e2711704a0 DEOPT UNPACKING pc=0x000001e20004e23f sp=0x000000c04e4fdee0 mode 1
Event: 21.719 Thread 0x000001e2711704a0 DEOPT PACKING pc=0x000001e2009044c4 sp=0x000000c04e4fe950
Event: 21.719 Thread 0x000001e2711704a0 DEOPT UNPACKING pc=0x000001e20004e23f sp=0x000000c04e4fde60 mode 1

Classes unloaded (0 events):
No events

Classes redefined (7 events):
Event: 543.303 Thread 0x000001e21a498050 redefined class name=seleniumBasics.GoibiboBookTicket, count=1
Event: 552.386 Thread 0x000001e21a498050 redefined class name=seleniumBasics.GoibiboBookTicket, count=2
Event: 557.698 Thread 0x000001e21a498050 redefined class name=seleniumBasics.GoibiboBookTicket, count=3
Event: 566.398 Thread 0x000001e21a498050 redefined class name=seleniumBasics.GoibiboBookTicket, count=4
Event: 586.632 Thread 0x000001e21a498050 redefined class name=seleniumBasics.GoibiboBookTicket, count=5
Event: 808.985 Thread 0x000001e21a498050 redefined class name=seleniumBasics.GoibiboBookTicket, count=6
Event: 846.554 Thread 0x000001e21a498050 redefined class name=seleniumBasics.GoibiboBookTicket, count=7

Internal exceptions (20 events):
Event: 1.240 Thread 0x000001e21b796e20 Exception <a 'java/net/SocketException'{0x000000062242beb8}: Socket is not connected: shutdown> (0x000000062242beb8) 
thrown [./open/src/hotspot/share/prims/jni.cpp, line 599]
Event: 1.270 Thread 0x000001e2711704a0 Exception <a 'java/lang/NoSuchMethodError'{0x000000062264c7c0}: 'java.lang.Object java.lang.invoke.DirectMethodHandle$Holder.invokeInterface(java.lang.Object, java.lang.Object, java.lang.Object)'> (0x000000062264c7c0) 
thrown [./open/src/hotspot/share/interpreter/linkResolver.cpp, line 782]
Event: 1.271 Thread 0x000001e2711704a0 Exception <a 'java/lang/IncompatibleClassChangeError'{0x0000000622650278}: Found class java.lang.Object, but interface was expected> (0x0000000622650278) 
thrown [./open/src/hotspot/share/interpreter/linkResolver.cpp, line 848]
Event: 1.271 Thread 0x000001e2711704a0 Exception <a 'java/lang/NoSuchMethodError'{0x0000000622656ef0}: 'int java.lang.invoke.DirectMethodHandle$Holder.invokeSpecial(java.lang.Object, java.lang.Object, java.lang.Object)'> (0x0000000622656ef0) 
thrown [./open/src/hotspot/share/interpreter/linkResolver.cpp, line 782]
Event: 1.272 Thread 0x000001e2711704a0 Exception <a 'java/lang/NoSuchMethodError'{0x000000062265db38}: 'int java.lang.invoke.DirectMethodHandle$Holder.invokeSpecialIFC(java.lang.Object, java.lang.Object, java.lang.Object, java.lang.Object)'> (0x000000062265db38) 
thrown [./open/src/hotspot/share/interpreter/linkResolver.cpp, line 782]
Event: 1.273 Thread 0x000001e2711704a0 Exception <a 'java/lang/NoSuchMethodError'{0x0000000622667ef8}: 'java.lang.Object java.lang.invoke.DirectMethodHandle$Holder.invokeInterface(java.lang.Object, java.lang.Object, java.lang.Object, java.lang.Object)'> (0x0000000622667ef8) 
thrown [./open/src/hotspot/share/interpreter/linkResolver.cpp, line 782]
Event: 1.277 Thread 0x000001e2711704a0 Exception <a 'java/lang/NoSuchMethodError'{0x00000006226b3408}: 'java.lang.Object java.lang.invoke.DirectMethodHandle$Holder.invokeVirtual(java.lang.Object, java.lang.Object, java.lang.Object)'> (0x00000006226b3408) 
thrown [./open/src/hotspot/share/interpreter/linkResolver.cpp, line 782]
Event: 1.285 Thread 0x000001e2711704a0 Exception <a 'java/lang/NoSuchMethodError'{0x00000006227e2910}: 'void java.lang.invoke.DirectMethodHandle$Holder.invokeInterface(java.lang.Object, java.lang.Object, java.lang.Object)'> (0x00000006227e2910) 
thrown [./open/src/hotspot/share/interpreter/linkResolver.cpp, line 782]
Event: 1.295 Thread 0x000001e2711704a0 Exception <a 'java/lang/NoSuchMethodError'{0x000000062210f908}: 'int java.lang.invoke.DirectMethodHandle$Holder.invokeVirtual(java.lang.Object, java.lang.Object)'> (0x000000062210f908) 
thrown [./open/src/hotspot/share/interpreter/linkResolver.cpp, line 782]
Event: 1.296 Thread 0x000001e2711704a0 Exception <a 'java/lang/NoSuchMethodError'{0x0000000622116130}: 'double java.lang.invoke.DirectMethodHandle$Holder.invokeVirtual(java.lang.Object, java.lang.Object)'> (0x0000000622116130) 
thrown [./open/src/hotspot/share/interpreter/linkResolver.cpp, line 782]
Event: 1.297 Thread 0x000001e2711704a0 Exception <a 'java/lang/NoSuchMethodError'{0x000000062211cc40}: 'float java.lang.invoke.DirectMethodHandle$Holder.invokeVirtual(java.lang.Object, java.lang.Object)'> (0x000000062211cc40) 
thrown [./open/src/hotspot/share/interpreter/linkResolver.cpp, line 782]
Event: 1.297 Thread 0x000001e2711704a0 Exception <a 'java/lang/NoSuchMethodError'{0x0000000622126560}: 'long java.lang.invoke.DirectMethodHandle$Holder.invokeVirtual(java.lang.Object, java.lang.Object)'> (0x0000000622126560) 
thrown [./open/src/hotspot/share/interpreter/linkResolver.cpp, line 782]
Event: 1.300 Thread 0x000001e2711704a0 Exception <a 'java/lang/NoSuchMethodError'{0x0000000622185eb8}: 'void java.lang.invoke.DirectMethodHandle$Holder.invokeStatic(java.lang.Object, java.lang.Object, java.lang.Object)'> (0x0000000622185eb8) 
thrown [./open/src/hotspot/share/interpreter/linkResolver.cpp, line 782]
Event: 1.320 Thread 0x000001e2711704a0 Exception <a 'java/lang/NoSuchMethodError'{0x00000006223d2050}: 'void java.lang.invoke.DirectMethodHandle$Holder.invokeSpecial(java.lang.Object, java.lang.Object, java.lang.Object, java.lang.Object, java.lang.Object)'> (0x00000006223d2050) 
thrown [./open/src/hotspot/share/interpreter/linkResolver.cpp, line 782]
Event: 1.335 Thread 0x000001e2711704a0 Exception <a 'java/lang/NoSuchMethodError'{0x0000000621d6e438}: 'java.lang.Object java.lang.invoke.DirectMethodHandle$Holder.newInvokeSpecial(java.lang.Object, java.lang.Object, java.lang.Object, java.lang.Object, java.lang.Object)'> (0x0000000621d6e438) 
thrown [./open/src/hotspot/share/interpreter/linkResolver.cpp, line 782]
Event: 1.352 Thread 0x000001e2711704a0 Exception <a 'java/lang/NoSuchMethodError'{0x0000000621f75f20}: 'java.lang.Object java.lang.invoke.Invokers$Holder.invokeExact_MT(java.lang.Object, java.lang.Object, java.lang.Object, java.lang.Object, java.lang.Object, java.lang.Object)'> (0x0000000621f75f20) 
thrown [./open/src/hotspot/share/interpreter/linkResolver.cpp, line 782]
Event: 1.415 Thread 0x000001e2711704a0 Exception <a 'java/lang/NoSuchMethodError'{0x0000000622895d50}: 'void java.lang.invoke.DirectMethodHandle$Holder.invokeStatic(java.lang.Object, java.lang.Object, java.lang.Object, java.lang.Object)'> (0x0000000622895d50) 
thrown [./open/src/hotspot/share/interpreter/linkResolver.cpp, line 782]
Event: 1.943 Thread 0x000001e2711704a0 Exception <a 'java/lang/NoSuchMethodError'{0x00000006224f8c38}: 'java.lang.Object java.lang.invoke.DirectMethodHandle$Holder.invokeSpecialIFC(java.lang.Object, java.lang.Object, java.lang.Object)'> (0x00000006224f8c38) 
thrown [./open/src/hotspot/share/interpreter/linkResolver.cpp, line 782]
Event: 1.969 Thread 0x000001e2711704a0 Exception <a 'java/lang/ClassNotFoundException'{0x000000062263dd50}: sun/util/logging/resources/spi/loggingProvider> (0x000000062263dd50) 
thrown [./open/src/hotspot/share/classfile/systemDictionary.cpp, line 295]
Event: 854.534 Thread 0x000001e21a94e900 Exception <a 'java/lang/LinkageError'{0x00000006215b5ca0}> (0x00000006215b5ca0) 
thrown [./open/src/hotspot/share/oops/generateOopMap.cpp, line 2137]

Events (20 events):
Event: 854.442 Executing VM operation: get/set locals
Event: 854.442 Executing VM operation: get/set locals done
Event: 854.487 Executing VM operation: get receiver
Event: 854.487 Executing VM operation: get receiver done
Event: 854.488 Executing VM operation: get receiver
Event: 854.488 Executing VM operation: get receiver done
Event: 854.488 Executing VM operation: GetCurrentLocation
Event: 854.488 Executing VM operation: GetCurrentLocation done
Event: 854.488 Executing VM operation: ChangeSingleStep
Event: 854.489 Executing VM operation: ChangeSingleStep done
Event: 854.489 Executing VM operation: ChangeSingleStep
Event: 854.489 Executing VM operation: ChangeSingleStep done
Event: 854.489 Executing VM operation: GetFrameCount
Event: 854.489 Executing VM operation: GetFrameCount done
Event: 854.491 Executing VM operation: GetFrameCount
Event: 854.491 Executing VM operation: GetFrameCount done
Event: 854.491 Executing VM operation: GetStackTrace
Event: 854.491 Executing VM operation: GetStackTrace done
Event: 854.491 Executing VM operation: GetFrameCount
Event: 854.491 Executing VM operation: GetFrameCount done


Dynamic libraries:
0x00007ff786f90000 - 0x00007ff786f9d000 	C:\Users\60026865.ICU_DOMAIN\Downloads\eclipse-java-2021-03-R-win32-x86_64\eclipse\plugins\org.eclipse.justj.openjdk.hotspot.jre.full.win32.x86_64_15.0.2.v20210201-0955\jre\bin\javaw.exe
0x00007ffd41330000 - 0x00007ffd4151c000 	C:\WINDOWS\SYSTEM32\ntdll.dll
0x00007ffd40850000 - 0x00007ffd40903000 	C:\WINDOWS\System32\KERNEL32.DLL
0x00007ffd3d490000 - 0x00007ffd3d724000 	C:\WINDOWS\System32\KERNELBASE.dll
0x000000005a890000 - 0x000000005a93e000 	C:\WINDOWS\System32\SYSFER.DLL
0x00007ffd3dad0000 - 0x00007ffd3dbca000 	C:\WINDOWS\System32\ucrtbase.dll
0x00007ffd2fb20000 - 0x00007ffd2fb39000 	C:\Users\60026865.ICU_DOMAIN\Downloads\eclipse-java-2021-03-R-win32-x86_64\eclipse\plugins\org.eclipse.justj.openjdk.hotspot.jre.full.win32.x86_64_15.0.2.v20210201-0955\jre\bin\VCRUNTIME140.dll
0x00007ffd2e810000 - 0x00007ffd2e828000 	C:\Users\60026865.ICU_DOMAIN\Downloads\eclipse-java-2021-03-R-win32-x86_64\eclipse\plugins\org.eclipse.justj.openjdk.hotspot.jre.full.win32.x86_64_15.0.2.v20210201-0955\jre\bin\jli.dll
0x00007ffd40610000 - 0x00007ffd407a7000 	C:\WINDOWS\System32\USER32.dll
0x00007ffd3dbd0000 - 0x00007ffd3dbf0000 	C:\WINDOWS\System32\win32u.dll
0x00007ffd402a0000 - 0x00007ffd402c9000 	C:\WINDOWS\System32\GDI32.dll
0x00007ffd2a4b0000 - 0x00007ffd2a729000 	C:\WINDOWS\WinSxS\amd64_microsoft.windows.common-controls_6595b64144ccf1df_6.0.17763.1879_none_de7416585348d805\COMCTL32.dll
0x00007ffd3d790000 - 0x00007ffd3d92c000 	C:\WINDOWS\System32\gdi32full.dll
0x00007ffd3e6e0000 - 0x00007ffd3e77e000 	C:\WINDOWS\System32\msvcrt.dll
0x00007ffd3d930000 - 0x00007ffd3d9d0000 	C:\WINDOWS\System32\msvcp_win.dll
0x00007ffd40fd0000 - 0x00007ffd412fd000 	C:\WINDOWS\System32\combase.dll
0x00007ffd3ff20000 - 0x00007ffd4003f000 	C:\WINDOWS\System32\RPCRT4.dll
0x00007ffd3d410000 - 0x00007ffd3d48f000 	C:\WINDOWS\System32\bcryptPrimitives.dll
0x00007ffd40910000 - 0x00007ffd4093e000 	C:\WINDOWS\System32\IMM32.DLL
0x00007ffd30b80000 - 0x00007ffd30b8c000 	C:\Users\60026865.ICU_DOMAIN\Downloads\eclipse-java-2021-03-R-win32-x86_64\eclipse\plugins\org.eclipse.justj.openjdk.hotspot.jre.full.win32.x86_64_15.0.2.v20210201-0955\jre\bin\vcruntime140_1.dll
0x00007ffd06260000 - 0x00007ffd062f1000 	C:\Users\60026865.ICU_DOMAIN\Downloads\eclipse-java-2021-03-R-win32-x86_64\eclipse\plugins\org.eclipse.justj.openjdk.hotspot.jre.full.win32.x86_64_15.0.2.v20210201-0955\jre\bin\msvcp140.dll
0x00007ffcabb10000 - 0x00007ffcac66e000 	C:\Users\60026865.ICU_DOMAIN\Downloads\eclipse-java-2021-03-R-win32-x86_64\eclipse\plugins\org.eclipse.justj.openjdk.hotspot.jre.full.win32.x86_64_15.0.2.v20210201-0955\jre\bin\server\jvm.dll
0x00007ffd3e630000 - 0x00007ffd3e6d3000 	C:\WINDOWS\System32\ADVAPI32.dll
0x00007ffd407b0000 - 0x00007ffd4084e000 	C:\WINDOWS\System32\sechost.dll
0x00007ffd40b40000 - 0x00007ffd40b48000 	C:\WINDOWS\System32\PSAPI.DLL
0x00007ffd25b90000 - 0x00007ffd25b99000 	C:\WINDOWS\SYSTEM32\WSOCK32.dll
0x00007ffd40960000 - 0x00007ffd409cd000 	C:\WINDOWS\System32\WS2_32.dll
0x00007ffd2fa30000 - 0x00007ffd2fa54000 	C:\WINDOWS\SYSTEM32\WINMM.dll
0x00007ffd35280000 - 0x00007ffd3528a000 	C:\WINDOWS\SYSTEM32\VERSION.dll
0x00007ffd2f980000 - 0x00007ffd2f9ad000 	C:\WINDOWS\SYSTEM32\WINMMBASE.dll
0x00007ffd3da80000 - 0x00007ffd3daca000 	C:\WINDOWS\System32\cfgmgr32.dll
0x00007ffd3d320000 - 0x00007ffd3d331000 	C:\WINDOWS\System32\kernel.appcore.dll
0x00007ffd38950000 - 0x00007ffd3895a000 	C:\Users\60026865.ICU_DOMAIN\Downloads\eclipse-java-2021-03-R-win32-x86_64\eclipse\plugins\org.eclipse.justj.openjdk.hotspot.jre.full.win32.x86_64_15.0.2.v20210201-0955\jre\bin\jimage.dll
0x00007ffd3b820000 - 0x00007ffd3ba0d000 	C:\WINDOWS\SYSTEM32\DBGHELP.DLL
0x00007ffd22ee0000 - 0x00007ffd22f0a000 	C:\WINDOWS\SYSTEM32\dbgcore.DLL
0x00007ffd0b170000 - 0x00007ffd0b1a9000 	C:\Users\60026865.ICU_DOMAIN\Downloads\eclipse-java-2021-03-R-win32-x86_64\eclipse\plugins\org.eclipse.justj.openjdk.hotspot.jre.full.win32.x86_64_15.0.2.v20210201-0955\jre\bin\jdwp.dll
0x00007ffd2fc10000 - 0x00007ffd2fc1e000 	C:\Users\60026865.ICU_DOMAIN\Downloads\eclipse-java-2021-03-R-win32-x86_64\eclipse\plugins\org.eclipse.justj.openjdk.hotspot.jre.full.win32.x86_64_15.0.2.v20210201-0955\jre\bin\instrument.dll
0x00007ffd10910000 - 0x00007ffd10935000 	C:\Users\60026865.ICU_DOMAIN\Downloads\eclipse-java-2021-03-R-win32-x86_64\eclipse\plugins\org.eclipse.justj.openjdk.hotspot.jre.full.win32.x86_64_15.0.2.v20210201-0955\jre\bin\java.dll
0x00007ffd2dd40000 - 0x00007ffd2dd58000 	C:\Users\60026865.ICU_DOMAIN\Downloads\eclipse-java-2021-03-R-win32-x86_64\eclipse\plugins\org.eclipse.justj.openjdk.hotspot.jre.full.win32.x86_64_15.0.2.v20210201-0955\jre\bin\zip.dll
0x00007ffd3e7e0000 - 0x00007ffd3fcd9000 	C:\WINDOWS\System32\SHELL32.dll
0x00007ffd3fce0000 - 0x00007ffd3fd88000 	C:\WINDOWS\System32\shcore.dll
0x00007ffd3dbf0000 - 0x00007ffd3e33b000 	C:\WINDOWS\System32\windows.storage.dll
0x00007ffd3d3c0000 - 0x00007ffd3d3e4000 	C:\WINDOWS\System32\profapi.dll
0x00007ffd3d340000 - 0x00007ffd3d39d000 	C:\WINDOWS\System32\powrprof.dll
0x00007ffd403d0000 - 0x00007ffd40422000 	C:\WINDOWS\System32\shlwapi.dll
0x00007ffd3d3f0000 - 0x00007ffd3d407000 	C:\WINDOWS\System32\cryptsp.dll
0x00007ffd2fb10000 - 0x00007ffd2fb1b000 	C:\Users\60026865.ICU_DOMAIN\Downloads\eclipse-java-2021-03-R-win32-x86_64\eclipse\plugins\org.eclipse.justj.openjdk.hotspot.jre.full.win32.x86_64_15.0.2.v20210201-0955\jre\bin\dt_socket.dll
0x00007ffd3c880000 - 0x00007ffd3c8bd000 	C:\WINDOWS\SYSTEM32\IPHLPAPI.DLL
0x00007ffd3cb60000 - 0x00007ffd3cbc7000 	C:\WINDOWS\system32\mswsock.dll
0x00007ffd3c8d0000 - 0x00007ffd3c996000 	C:\WINDOWS\SYSTEM32\DNSAPI.dll
0x00007ffd402d0000 - 0x00007ffd402d8000 	C:\WINDOWS\System32\NSI.dll
0x00007ffd335b0000 - 0x00007ffd335ba000 	C:\Windows\System32\rasadhlp.dll
0x00007ffd3a3d0000 - 0x00007ffd3a449000 	C:\WINDOWS\System32\fwpuclnt.dll
0x00007ffd3e530000 - 0x00007ffd3e556000 	C:\WINDOWS\System32\bcrypt.dll
0x00007ffd34b50000 - 0x00007ffd34b69000 	C:\Users\60026865.ICU_DOMAIN\Downloads\eclipse-java-2021-03-R-win32-x86_64\eclipse\plugins\org.eclipse.justj.openjdk.hotspot.jre.full.win32.x86_64_15.0.2.v20210201-0955\jre\bin\net.dll
0x00007ffd38c60000 - 0x00007ffd38d5c000 	C:\WINDOWS\SYSTEM32\WINHTTP.dll
0x00007ffd18470000 - 0x00007ffd18482000 	C:\Users\60026865.ICU_DOMAIN\Downloads\eclipse-java-2021-03-R-win32-x86_64\eclipse\plugins\org.eclipse.justj.openjdk.hotspot.jre.full.win32.x86_64_15.0.2.v20210201-0955\jre\bin\nio.dll
0x00007ffd39f00000 - 0x00007ffd39f10000 	C:\Users\60026865.ICU_DOMAIN\Downloads\eclipse-java-2021-03-R-win32-x86_64\eclipse\plugins\org.eclipse.justj.openjdk.hotspot.jre.full.win32.x86_64_15.0.2.v20210201-0955\jre\bin\verify.dll
0x00007ffd39b30000 - 0x00007ffd39b3d000 	C:\Users\60026865.ICU_DOMAIN\Downloads\eclipse-java-2021-03-R-win32-x86_64\eclipse\plugins\org.eclipse.justj.openjdk.hotspot.jre.full.win32.x86_64_15.0.2.v20210201-0955\jre\bin\sunmscapi.dll
0x00007ffd3e340000 - 0x00007ffd3e523000 	C:\WINDOWS\System32\CRYPT32.dll
0x00007ffd3d3a0000 - 0x00007ffd3d3b2000 	C:\WINDOWS\System32\MSASN1.dll
0x00007ffd3ce50000 - 0x00007ffd3ce76000 	C:\WINDOWS\SYSTEM32\ncrypt.dll
0x00007ffd3ce10000 - 0x00007ffd3ce4c000 	C:\WINDOWS\SYSTEM32\NTASN1.dll
0x00007ffd3c490000 - 0x00007ffd3c4c3000 	C:\WINDOWS\system32\rsaenh.dll
0x00007ffd3d220000 - 0x00007ffd3d249000 	C:\WINDOWS\SYSTEM32\USERENV.dll
0x00007ffd3cd30000 - 0x00007ffd3cd3c000 	C:\WINDOWS\SYSTEM32\CRYPTBASE.dll
0x00007ffd3a110000 - 0x00007ffd3a126000 	C:\WINDOWS\SYSTEM32\dhcpcsvc6.DLL
0x00007ffd3a030000 - 0x00007ffd3a04c000 	C:\WINDOWS\SYSTEM32\dhcpcsvc.DLL

dbghelp: loaded successfully - version: 4.0.5 - missing functions: none
symbol engine: initialized successfully - sym options: 0x614 - pdb path: .;C:\Users\60026865.ICU_DOMAIN\Downloads\eclipse-java-2021-03-R-win32-x86_64\eclipse\plugins\org.eclipse.justj.openjdk.hotspot.jre.full.win32.x86_64_15.0.2.v20210201-0955\jre\bin;C:\WINDOWS\SYSTEM32;C:\WINDOWS\WinSxS\amd64_microsoft.windows.common-controls_6595b64144ccf1df_6.0.17763.1879_none_de7416585348d805;C:\Users\60026865.ICU_DOMAIN\Downloads\eclipse-java-2021-03-R-win32-x86_64\eclipse\plugins\org.eclipse.justj.openjdk.hotspot.jre.full.win32.x86_64_15.0.2.v20210201-0955\jre\bin\server

VM Arguments:
jvm_args: -XX:+ShowCodeDetailsInExceptionMessages -agentlib:jdwp=transport=dt_socket,suspend=y,address=localhost:65047 -javaagent:C:\Users\60026865.ICU_DOMAIN\Downloads\eclipse-java-2021-03-R-win32-x86_64\eclipse\configuration\org.eclipse.osgi\222\0\.cp\lib\javaagent-shaded.jar -Dfile.encoding=Cp1252 
java_command: seleniumBasics.GoibiboBookTicket
java_class_path (initial): C:\Users\60026865.ICU_DOMAIN\selenium_learning\learnAutomation\bin;C:\Users\60026865.ICU_DOMAIN\Downloads\selenium-java-3.141.59\libs\byte-buddy-1.8.15.jar;C:\Users\60026865.ICU_DOMAIN\Downloads\selenium-java-3.141.59\libs\commons-exec-1.3.jar;C:\Users\60026865.ICU_DOMAIN\Downloads\selenium-java-3.141.59\libs\guava-25.0-jre.jar;C:\Users\60026865.ICU_DOMAIN\Downloads\selenium-java-3.141.59\libs\okhttp-3.11.0.jar;C:\Users\60026865.ICU_DOMAIN\Downloads\selenium-java-3.141.59\libs\okio-1.14.0.jar;C:\Users\60026865.ICU_DOMAIN\Downloads\selenium-java-3.141.59\client-combined-3.141.59.jar;C:\Users\60026865.ICU_DOMAIN\Downloads\selenium-java-3.141.59\client-combined-3.141.59-sources.jar;C:\Users\60026865.ICU_DOMAIN\Downloads\hamcrest-core-1.3.jar;C:\Users\60026865.ICU_DOMAIN\Downloads\junit-4.13.2.jar
Launcher Type: SUN_STANDARD

[Global flags]
     intx CICompilerCount                          = 4                                         {product} {ergonomic}
     uint ConcGCThreads                            = 3                                         {product} {ergonomic}
     uint G1ConcRefinementThreads                  = 10                                        {product} {ergonomic}
   size_t G1HeapRegionSize                         = 4194304                                   {product} {ergonomic}
    uintx GCDrainStackTargetSize                   = 64                                        {product} {ergonomic}
   size_t InitialHeapSize                          = 536870912                                 {product} {ergonomic}
   size_t MarkStackSize                            = 4194304                                   {product} {ergonomic}
   size_t MaxHeapSize                              = 8539602944                                {product} {ergonomic}
   size_t MaxNewSize                               = 5121245184                                {product} {ergonomic}
   size_t MinHeapDeltaBytes                        = 4194304                                   {product} {ergonomic}
   size_t MinHeapSize                              = 8388608                                   {product} {ergonomic}
    uintx NonNMethodCodeHeapSize                   = 5839372                                {pd product} {ergonomic}
    uintx NonProfiledCodeHeapSize                  = 122909434                              {pd product} {ergonomic}
    uintx ProfiledCodeHeapSize                     = 122909434                              {pd product} {ergonomic}
    uintx ReservedCodeCacheSize                    = 251658240                              {pd product} {ergonomic}
     bool SegmentedCodeCache                       = true                                      {product} {ergonomic}
     bool ShowCodeDetailsInExceptionMessages       = true                                   {manageable} {command line}
   size_t SoftMaxHeapSize                          = 8539602944                             {manageable} {ergonomic}
     bool UseCompressedClassPointers               = true                                 {lp64_product} {ergonomic}
     bool UseCompressedOops                        = true                                 {lp64_product} {ergonomic}
     bool UseG1GC                                  = true                                      {product} {ergonomic}
     bool UseLargePagesIndividualAllocation        = false                                  {pd product} {ergonomic}

Logging:
Log output configuration:
 #0: stdout all=warning uptime,level,tags
 #1: stderr all=off uptime,level,tags

Environment Variables:
JAVA_HOME=C:\Program Files\Java\jdk1.8.0_271
CLASSPATH=%CLASSPATH%;%JUNIT_HOME%\JUnit4.10.jar;.;;C:\Junit4\JUnit4.10.jar;.;;C:\Junit4\JUnit4.10.jar;.;
PATH=C:\Users\60026865.ICU_DOMAIN\Downloads\eclipse-java-2021-03-R-win32-x86_64\eclipse\plugins\org.eclipse.justj.openjdk.hotspot.jre.full.win32.x86_64_15.0.2.v20210201-0955\jre\bin;C:/Users/60026865.ICU_DOMAIN/Downloads/eclipse-java-2021-03-R-win32-x86_64/eclipse//plugins/org.eclipse.justj.openjdk.hotspot.jre.full.win32.x86_64_15.0.2.v20210201-0955/jre/bin/server;C:/Users/60026865.ICU_DOMAIN/Downloads/eclipse-java-2021-03-R-win32-x86_64/eclipse//plugins/org.eclipse.justj.openjdk.hotspot.jre.full.win32.x86_64_15.0.2.v20210201-0955/jre/bin;C:\Program Files (x86)\Common Files\Oracle\Java\javapath;C:\Program Files\ImageMagick-7.0.11-Q16-HDRI;C:\Program Files (x86)\PC Connectivity Solution\;C:\Ruby25-x64\bin;C:\Perl\site\bin;C:\Perl\bin;C:\ProgramData\Oracle\Java\javapath;C:\Program Files\Common Files\Microsoft Shared\Microsoft Online Services;C:\Program Files (x86)\Common Files\Microsoft Shared\Microsoft Online Services;C:\WINDOWS\system32;C:\WINDOWS;C:\WINDOWS\System32\Wbem;C:\WINDOWS\System32\WindowsPowerShell\v1.0\;C:\WINDOWS\System32\OpenSSH\;C:\ProgramData\Webex\Webex\Applications;C:\Program Files\Java\jre1.8.0_261\bin;C:\Program Files (x86)\Android\android-sdk\platform-tools;C:\WebDriver;C:\Program Files\Perforce;C:\Program Files\dotnet\;C:\Program Files\Microsoft SQL Server\130\Tools\Binn\;C:\Program Files\Microsoft SQL Server\Client SDK\ODBC\170\Tools\Binn\;C:\Program Files\Collaborator Client;C:\Program Files (x86)\PuTTY\;C:\Program Files (x86)\Webex\Webex\Applications;C:\Program Files (x86)\Webex\Plugins;C:\Program Files\nodejs\;C:\Program Files\apache-maven-3.6.3-bin\apache-maven-3.6.3\bin;C:\Program Files\Git\cmd;C:\Program Files (x86)\Sennheiser\SenncomSDK\;C:\Program Files (x86)\Intel\Intel(R) Management Engine Components\DAL;C:\Program Files\Intel\Intel(R) Management Engine Components\DAL;C:\RailsInstaller\Git\cmd;C:\RailsInstaller\Ruby2.3.3\bin;C:\Users\60026865.ICU_DOMAIN\AppData\Local\Programs\Python\Python38-32\Scripts\;C:\Users\60026865.ICU_DOMAIN\AppD
USERNAME=60026865
OS=Windows_NT
PROCESSOR_IDENTIFIER=Intel64 Family 6 Model 158 Stepping 10, GenuineIntel



---------------  S Y S T E M  ---------------

OS:
 Windows 10 , 64 bit Build 17763 (10.0.17763.1879)
OS uptime: 2 days 3:55 hours

CPU: total 12 (initial active 12) (6 cores per cpu, 2 threads per core) family 6 model 158 stepping 10 microcode 0xde, cmov, cx8, fxsr, mmx, sse, sse2, sse3, ssse3, sse4.1, sse4.2, popcnt, vzeroupper, avx, avx2, aes, clmul, erms, rtm, 3dnowpref, lzcnt, ht, tsc, tscinvbit, bmi1, bmi2, adx, fma, clflush, clflushopt

Memory: 4k page, system-wide physical 32574M (20652M free)
TotalPageFile size 37438M (AvailPageFile size 17498M)
current process WorkingSet (physical memory assigned to process): 106M, peak: 113M
current process commit charge ("private bytes"): 635M, peak: 648M

vm_info: OpenJDK 64-Bit Server VM (15.0.2+7-27) for windows-amd64 JRE (15.0.2+7-27), built on Dec  7 2020 20:02:38 by "mach5one" with unknown MS VC++:1925

END.
